20231125	17:10:56	bfab8210-3f8a-4e38-8f37-245e8691e88f	POST	/login	undefined
20231125	17:10:56	642898ef-ef4f-44b4-90d2-f6f5fc6892cb	POST	/login	undefined
20231125	17:16:09	a3ead077-5693-4a5a-9223-2d8c35c426b2	GET	/	undefined
20231125	17:16:10	edff4298-b066-4248-9ffa-4f848ac4bb06	GET	/favicon.ico	undefined
20231125	17:16:10	ed02eb18-a0ac-4e78-b0a1-1ca8761419da	GET	/favicon.ico	undefined
20231125	17:19:46	9086558f-bce9-4019-9c1b-f751a17be56a	POST	/customer/login	undefined
20231125	17:19:46	5d8e99ef-5b1f-424c-b134-9ec53f40b5d9	POST	/customer/login	undefined
20231125	17:20:19	a38078cb-1725-4b13-81ab-66f2bd86a1a0	POST	/customer/login	undefined
20231125	17:20:19	bdea1924-d3f8-4ce1-a84d-ab4820c65c45	POST	/customer/login	undefined
20231125	17:20:57	02c2a765-5aa5-472d-97da-66bccaaf5215	POST	/customer/login	undefined
20231125	17:20:57	eb0820d8-119a-4934-9f37-d8e78b2508eb	POST	/customer/login	undefined
20231125	17:20:59	81f48613-0db2-4841-af58-ea839ecdbbcc	POST	/customer/login	undefined
20231125	17:20:59	241cf95b-e942-4c29-8900-04c46e1f598e	POST	/customer/login	undefined
20231125	17:22:33	2526be72-7043-4445-a21a-526af49ff7c4	POST	/customer/login	undefined
20231125	17:22:33	6ecee57b-17d0-4532-b203-d9bb90b4342b	POST	/customer/login	undefined
20231125	17:22:38	aa9b639f-5116-4cda-be20-09935cdd00e6	POST	/customer/customer/login	undefined
20231125	17:22:38	1f6fec9e-862f-464a-aa17-663b69f2d779	POST	/customer/customer/login	undefined
20231125	17:26:13	0fdc9f05-0f04-47db-903d-9834ddb65cb1	POST	/login	undefined
20231125	19:12:39	bf7bc2d7-30ff-4419-bbdd-96004c9abfea	POST	/login	http://localhost:3000
20231125	19:16:13	4867e48b-48a4-4ee0-ba9b-373cebcc7719	POST	/login	http://localhost:3000
20231125	19:29:04	575c71c0-10e6-4502-b079-79c94d25d392	POST	/login	http://localhost:3000
20231125	19:29:05	f74f0517-65de-4a85-9835-2b9babac3259	GET	/profile	http://localhost:3000
20231125	19:29:05	6e4b80f1-b4bb-4185-aea2-5f7ae48b002c	GET	/profile	http://localhost:3000
20231125	20:22:43	0ef31d80-6821-463d-8e8d-81e988b1ef60	POST	/login	http://localhost:3000
20231125	20:22:44	929068bb-b171-49bf-a762-d6c5b9d3ef57	GET	/profile	http://localhost:3000
20231125	20:22:44	f058f8ca-9858-4e58-ad6f-54d791297430	GET	/profile	http://localhost:3000
20231125	20:22:55	fb19ff07-2173-44ba-b253-1a4afdb28402	GET	/profile	http://localhost:3000
20231125	20:22:55	57911715-035f-4856-a708-e1785d77fb58	GET	/profile	http://localhost:3000
20231125	20:25:45	98b2dfcd-9fa6-44d4-bbb3-092b85f658f7	POST	/login	http://localhost:3000
20231125	20:25:45	ddf9944e-740d-4810-be6d-17dc7869bd5d	GET	/profile	http://localhost:3000
20231125	20:25:45	d86f6841-afca-4cb6-b3a7-154dbeb450df	GET	/profile	http://localhost:3000
20231213	14:14:05	58f61d82-5ccf-4f92-8cf6-b335032211a1	POST	/login	http://localhost:3000
20231213	14:14:06	68d73dea-7063-48de-af99-55910fbff2c4	GET	/profile	http://localhost:3000
20231213	14:14:06	b953f135-1d39-4000-9b20-1e67af6eacaa	GET	/profile	http://localhost:3000
20231213	14:14:18	239eb2e4-4fda-4db7-94ab-a2115c0f045d	GET	/profile	http://localhost:3000
20231213	14:14:18	b00d8417-6046-406b-8331-77b3f2875483	GET	/profile	http://localhost:3000
