20231125	17:10:21	d9424d6d-b460-40f7-935f-9cb8f97647a6	PUT	/wishlist	undefined
20231125	17:10:47	10837e71-7aa1-4f00-8c63-953047ba6190	PUT	/wishlist	undefined
20231125	17:16:07	68658d66-49f0-4f28-9cec-47528e093c36	GET	/	undefined
20231125	17:16:07	8bf48042-26c9-42c1-a183-03a1c7850b00	GET	/favicon.ico	undefined
20231125	17:26:46	43845661-e618-43ad-b408-096f640a7c02	GET	/	undefined
20231125	17:27:35	089731d5-6a32-48c5-be75-2bc3ca0faf9d	PUT	/wishlist	undefined
20231125	19:19:43	b1f096d1-4679-4933-997b-f86a9aecc8ce	POST	/product/create	undefined
20231125	19:19:52	728438f4-a142-4e3c-8eeb-2bff908ac6a1	GET	/	undefined
20231125	19:29:10	f79c76f1-fe3a-4b86-8645-9a49d405de53	GET	/	http://localhost:3000
20231125	19:36:34	9b0e720f-5475-4008-a0e1-4d6f5a09cc64	GET	/	http://localhost:3000
20231125	19:38:07	dbe7ee0c-0987-4b22-be3f-8d3d933d3442	GET	/	http://localhost:3000
20231125	19:38:07	5128c615-c712-4170-850c-816cd7516a94	GET	/	http://localhost:3000
20231125	19:38:13	930942c3-5b11-4747-a644-0aeb1c676d05	GET	/	http://localhost:3000
20231125	19:38:19	f353e6c9-fab5-457f-9160-e49862c6fa11	GET	/	http://localhost:3000
20231125	19:43:39	dad6fc12-a380-45f8-beb6-264dfa1da477	GET	/	http://localhost:3000
20231125	19:54:43	bbb076e5-1b70-4721-8fdc-1f9996328792	GET	/	http://localhost:3000
20231125	19:54:44	24944834-acac-46cf-be33-e2a64422325e	GET	/	http://localhost:3000
20231125	19:54:50	a46545b2-c99d-4be9-862d-28200f4360d4	GET	/	http://localhost:3000
20231125	19:54:51	01ec9c65-e1f8-4b23-8907-884e3b75fbea	GET	/	http://localhost:3000
20231125	19:54:54	41ce1001-7cb8-457c-8ecf-b56474ed260f	GET	/	http://localhost:3000
20231125	19:54:56	150d6965-8c0a-47d2-8f69-9b0c38d7d51e	GET	/	http://localhost:3000
20231125	19:56:22	c7572023-6bfa-41fb-afc7-bca044c15dc8	GET	/6561516bc611955eb08e9bef	http://localhost:3000
20231125	19:56:25	5eeae9ae-a3bb-4528-bc5c-e451f7357d09	GET	/	http://localhost:3000
20231125	19:58:56	870e1a87-a665-4b8f-8f86-a14b22fa8fa5	GET	/	http://localhost:3000
20231125	19:58:57	0aff8a0b-57a5-49ac-840f-20f9d7372953	GET	/	http://localhost:3000
20231125	19:58:58	684aa88a-a2e9-40b0-8951-41231a0a5d67	GET	/	http://localhost:3000
20231125	19:58:58	cd5cae91-ce83-41a3-8723-fccf929300b8	GET	/	http://localhost:3000
20231125	19:58:58	14f286ea-ddb6-4b61-a81d-88ff5aee49e5	GET	/	http://localhost:3000
20231125	19:58:59	aa1cc98d-a6f7-4b84-bde4-8602e07c6721	GET	/	http://localhost:3000
20231125	19:58:59	abbeafac-243d-47cc-a7e2-c0ad4b4117db	GET	/	http://localhost:3000
20231125	19:58:59	331b46ba-1449-477d-91b0-6ac5903b5828	GET	/	http://localhost:3000
20231125	19:58:59	e81d4806-7312-4d33-92ef-8f29d2c797ba	GET	/	http://localhost:3000
20231125	19:59:00	665f9179-9716-4be8-955a-e9ed1867feda	GET	/	http://localhost:3000
20231125	19:59:00	4c999705-1234-4397-a98d-0818a1f09bca	GET	/	http://localhost:3000
20231125	19:59:00	a9563847-aa11-450a-8937-af4d90b896c3	GET	/	http://localhost:3000
20231125	19:59:00	7ed5e6b6-0d12-4b83-85cd-6ff27a6d8657	GET	/	http://localhost:3000
20231125	20:00:36	345ef27f-88a3-4632-ac5a-e48fd3e2af8f	GET	/	http://localhost:3000
20231125	20:00:38	d591fa4e-cf5e-466e-8d77-1b757deb17d7	GET	/	http://localhost:3000
20231125	20:00:41	8ae8df05-3e49-4508-8b9a-c0194da9e1b9	GET	/	http://localhost:3000
20231125	20:00:42	04a9d399-d357-4b83-85e0-5f2116c51555	GET	/	http://localhost:3000
20231125	20:00:42	ca5a11c9-803b-4644-986d-1b78c23a1618	GET	/	http://localhost:3000
20231125	20:00:44	51a2bfa7-d15d-409e-8c14-42a7b01e5ea4	GET	/	http://localhost:3000
20231125	20:01:02	81c8d1d9-2f24-4345-b063-44af458157f4	GET	/	http://localhost:3000
20231125	20:01:22	a5914830-1ec3-4321-82aa-3d699ada3024	GET	/	http://localhost:3000
20231125	20:06:05	80076804-8b4b-43ca-a554-5fc3b1033983	GET	/	http://localhost:3000
20231125	20:06:07	c52de4f7-3558-4e16-811e-036c66a5925d	GET	/	http://localhost:3000
20231125	20:06:23	4d878062-1b6f-40be-87b4-2d50a3451fb9	GET	/	http://localhost:3000
20231125	20:06:26	d46db785-f155-4e8d-87f8-03ce57019a56	GET	/	http://localhost:3000
20231125	20:06:26	20bd377b-81bd-4173-a328-1e5ac8ff491e	GET	/	http://localhost:3000
20231125	20:06:28	7e595a34-9c67-4dbc-8b03-c8bec01fb022	GET	/	http://localhost:3000
20231125	20:06:32	27023577-d82c-44ea-b648-e2c7fe3ab55e	GET	/	http://localhost:3000
20231125	20:06:41	a1345af8-3872-4853-86f3-981982b780d8	GET	/656209e67552e7443cb2b9cd	http://localhost:3000
20231125	20:07:40	679be726-00f5-4c6e-b9ca-c724a3ae3f08	GET	/	http://localhost:3000
20231125	20:10:12	23771823-2411-4399-aa8f-a71de5490493	POST	/product/create	undefined
20231125	20:10:25	c9d90e22-6548-4e4c-a193-090403dc5048	POST	/product/create	undefined
20231125	20:10:30	4c2a9239-bdec-4137-97da-71520b3e1cdb	GET	/	http://localhost:3000
20231125	20:10:40	78f2d6af-3dde-4f53-8d40-e580d9abc537	GET	/656246a191cab4ae240e41ce	http://localhost:3000
20231125	20:10:42	f70c34b9-c7c5-448a-8c38-9929b50a6816	GET	/	http://localhost:3000
20231125	20:15:22	28dd3f83-5715-4385-90d7-768414073541	GET	/	http://localhost:3000
20231125	20:16:10	9d5b46a3-d416-42fb-95e4-0540039a8bd8	GET	/	http://localhost:3000
20231125	20:19:37	85bf5fd7-a2b3-4cac-baca-c3a637cd4c3e	POST	/product/create	undefined
20231125	20:19:40	c0e13035-e00b-4c13-80b8-51373e571149	GET	/	http://localhost:3000
20231125	20:20:18	350caf98-845e-4089-b0d6-6d78399aaff7	GET	/	http://localhost:3000
20231125	20:20:44	860b8855-7e55-409d-9e97-982b0369683f	GET	/656248c991cab4ae240e41d5	http://localhost:3000
20231125	20:21:39	98c329bd-cbe6-4af0-ad0a-7baf8b9f1459	GET	/656248c991cab4ae240e41d5	http://localhost:3000
20231125	20:21:39	919e6c04-ffeb-4304-ab9d-010207517895	GET	/656248c991cab4ae240e41d5	http://localhost:3000
20231125	20:21:58	62deba4f-a561-4a52-8f4d-5eef3ef35d5b	PUT	/wishlist	http://localhost:3000
20231125	20:22:49	e3a542ca-fb09-4328-8bc0-725339637774	GET	/	http://localhost:3000
20231125	20:22:51	1a703c33-c689-4695-b8c5-2725c20848be	GET	/656248c991cab4ae240e41d5	http://localhost:3000
20231125	20:22:52	89a62ce3-f5d4-473e-830d-eeb66903e32f	PUT	/wishlist	http://localhost:3000
20231125	20:22:59	6ffebdbe-fed5-4c98-997b-3626b918b9a1	DELETE	/wishlist/656209e67552e7443cb2b9cd	http://localhost:3000
20231125	20:25:53	dcb49118-ba9d-4ad3-842c-16f4c91a77a2	DELETE	/wishlist/656209e67552e7443cb2b9cd	http://localhost:3000
20231125	20:26:59	4facfb38-fa42-429f-a913-f0aac71892c3	GET	/	http://localhost:3000
